Analysis & Synthesis report for RISC_CPU
Thu Sep 26 21:17:50 2019
Quartus II 64-Bit Version 13.1.0 Build 162 10/23/2013 SJ Full Version


---------------------
; Table of Contents ;
---------------------
  1. Legal Notice
  2. Analysis & Synthesis Summary
  3. Analysis & Synthesis Settings
  4. Parallel Compilation
  5. Analysis & Synthesis Source Files Read
  6. Analysis & Synthesis Resource Usage Summary
  7. Analysis & Synthesis Resource Utilization by Entity
  8. State Machine - |RISC_CPU|controller:controller_m|state
  9. Registers Removed During Synthesis
 10. General Register Statistics
 11. Multiplexer Restructuring Statistics (Restructuring Performed)
 12. Parameter Settings for User Entity Instance: alu_cpu:alu_cpu_m
 13. Parameter Settings for User Entity Instance: controller:controller_m
 14. Elapsed Time Per Partition
 15. Analysis & Synthesis Messages
 16. Analysis & Synthesis Suppressed Messages



----------------
; Legal Notice ;
----------------
Copyright (C) 1991-2013 Altera Corporation
Your use of Altera Corporation's design tools, logic functions 
and other software and tools, and its AMPP partner logic 
functions, and any output files from any of the foregoing 
(including device programming or simulation files), and any 
associated documentation or information are expressly subject 
to the terms and conditions of the Altera Program License 
Subscription Agreement, Altera MegaCore Function License 
Agreement, or other applicable license agreement, including, 
without limitation, that your use is for the sole purpose of 
programming logic devices manufactured by Altera and sold by 
Altera or its authorized distributors.  Please refer to the 
applicable agreement for further details.



+----------------------------------------------------------------------------------+
; Analysis & Synthesis Summary                                                     ;
+------------------------------------+---------------------------------------------+
; Analysis & Synthesis Status        ; Successful - Thu Sep 26 21:17:50 2019       ;
; Quartus II 64-Bit Version          ; 13.1.0 Build 162 10/23/2013 SJ Full Version ;
; Revision Name                      ; RISC_CPU                                    ;
; Top-level Entity Name              ; RISC_CPU                                    ;
; Family                             ; Cyclone IV E                                ;
; Total logic elements               ; 114                                         ;
;     Total combinational functions  ; 84                                          ;
;     Dedicated logic registers      ; 68                                          ;
; Total registers                    ; 68                                          ;
; Total pins                         ; 27                                          ;
; Total virtual pins                 ; 0                                           ;
; Total memory bits                  ; 0                                           ;
; Embedded Multiplier 9-bit elements ; 0                                           ;
; Total PLLs                         ; 0                                           ;
+------------------------------------+---------------------------------------------+


+----------------------------------------------------------------------------------------------------------------------+
; Analysis & Synthesis Settings                                                                                        ;
+----------------------------------------------------------------------------+--------------------+--------------------+
; Option                                                                     ; Setting            ; Default Value      ;
+----------------------------------------------------------------------------+--------------------+--------------------+
; Device                                                                     ; EP4CE6E22C8        ;                    ;
; Top-level entity name                                                      ; RISC_CPU           ; RISC_CPU           ;
; Family name                                                                ; Cyclone IV E       ; Cyclone IV GX      ;
; Use smart compilation                                                      ; Off                ; Off                ;
; Enable parallel Assembler and TimeQuest Timing Analyzer during compilation ; On                 ; On                 ;
; Enable compact report table                                                ; Off                ; Off                ;
; Restructure Multiplexers                                                   ; Auto               ; Auto               ;
; Create Debugging Nodes for IP Cores                                        ; Off                ; Off                ;
; Preserve fewer node names                                                  ; On                 ; On                 ;
; Disable OpenCore Plus hardware evaluation                                  ; Off                ; Off                ;
; Verilog Version                                                            ; Verilog_2001       ; Verilog_2001       ;
; VHDL Version                                                               ; VHDL_1993          ; VHDL_1993          ;
; State Machine Processing                                                   ; Auto               ; Auto               ;
; Safe State Machine                                                         ; Off                ; Off                ;
; Extract Verilog State Machines                                             ; On                 ; On                 ;
; Extract VHDL State Machines                                                ; On                 ; On                 ;
; Ignore Verilog initial constructs                                          ; Off                ; Off                ;
; Iteration limit for constant Verilog loops                                 ; 5000               ; 5000               ;
; Iteration limit for non-constant Verilog loops                             ; 250                ; 250                ;
; Add Pass-Through Logic to Inferred RAMs                                    ; On                 ; On                 ;
; Infer RAMs from Raw Logic                                                  ; On                 ; On                 ;
; Parallel Synthesis                                                         ; On                 ; On                 ;
; DSP Block Balancing                                                        ; Auto               ; Auto               ;
; NOT Gate Push-Back                                                         ; On                 ; On                 ;
; Power-Up Don't Care                                                        ; On                 ; On                 ;
; Remove Redundant Logic Cells                                               ; Off                ; Off                ;
; Remove Duplicate Registers                                                 ; On                 ; On                 ;
; Ignore CARRY Buffers                                                       ; Off                ; Off                ;
; Ignore CASCADE Buffers                                                     ; Off                ; Off                ;
; Ignore GLOBAL Buffers                                                      ; Off                ; Off                ;
; Ignore ROW GLOBAL Buffers                                                  ; Off                ; Off                ;
; Ignore LCELL Buffers                                                       ; Off                ; Off                ;
; Ignore SOFT Buffers                                                        ; On                 ; On                 ;
; Limit AHDL Integers to 32 Bits                                             ; Off                ; Off                ;
; Optimization Technique                                                     ; Balanced           ; Balanced           ;
; Carry Chain Length                                                         ; 70                 ; 70                 ;
; Auto Carry Chains                                                          ; On                 ; On                 ;
; Auto Open-Drain Pins                                                       ; On                 ; On                 ;
; Perform WYSIWYG Primitive Resynthesis                                      ; Off                ; Off                ;
; Auto ROM Replacement                                                       ; On                 ; On                 ;
; Auto RAM Replacement                                                       ; On                 ; On                 ;
; Auto DSP Block Replacement                                                 ; On                 ; On                 ;
; Auto Shift Register Replacement                                            ; Auto               ; Auto               ;
; Allow Shift Register Merging across Hierarchies                            ; Auto               ; Auto               ;
; Auto Clock Enable Replacement                                              ; On                 ; On                 ;
; Strict RAM Replacement                                                     ; Off                ; Off                ;
; Allow Synchronous Control Signals                                          ; On                 ; On                 ;
; Force Use of Synchronous Clear Signals                                     ; Off                ; Off                ;
; Auto RAM Block Balancing                                                   ; On                 ; On                 ;
; Auto RAM to Logic Cell Conversion                                          ; Off                ; Off                ;
; Auto Resource Sharing                                                      ; Off                ; Off                ;
; Allow Any RAM Size For Recognition                                         ; Off                ; Off                ;
; Allow Any ROM Size For Recognition                                         ; Off                ; Off                ;
; Allow Any Shift Register Size For Recognition                              ; Off                ; Off                ;
; Use LogicLock Constraints during Resource Balancing                        ; On                 ; On                 ;
; Ignore translate_off and synthesis_off directives                          ; Off                ; Off                ;
; Timing-Driven Synthesis                                                    ; On                 ; On                 ;
; Report Parameter Settings                                                  ; On                 ; On                 ;
; Report Source Assignments                                                  ; On                 ; On                 ;
; Report Connectivity Checks                                                 ; On                 ; On                 ;
; Ignore Maximum Fan-Out Assignments                                         ; Off                ; Off                ;
; Synchronization Register Chain Length                                      ; 2                  ; 2                  ;
; PowerPlay Power Optimization                                               ; Normal compilation ; Normal compilation ;
; HDL message level                                                          ; Level2             ; Level2             ;
; Suppress Register Optimization Related Messages                            ; Off                ; Off                ;
; Number of Removed Registers Reported in Synthesis Report                   ; 5000               ; 5000               ;
; Number of Swept Nodes Reported in Synthesis Report                         ; 5000               ; 5000               ;
; Number of Inverted Registers Reported in Synthesis Report                  ; 100                ; 100                ;
; Clock MUX Protection                                                       ; On                 ; On                 ;
; Auto Gated Clock Conversion                                                ; Off                ; Off                ;
; Block Design Naming                                                        ; Auto               ; Auto               ;
; SDC constraint protection                                                  ; Off                ; Off                ;
; Synthesis Effort                                                           ; Auto               ; Auto               ;
; Shift Register Replacement - Allow Asynchronous Clear Signal               ; On                 ; On                 ;
; Pre-Mapping Resynthesis Optimization                                       ; Off                ; Off                ;
; Analysis & Synthesis Message Level                                         ; Medium             ; Medium             ;
; Disable Register Merging Across Hierarchies                                ; Auto               ; Auto               ;
; Resource Aware Inference For Block RAM                                     ; On                 ; On                 ;
; Synthesis Seed                                                             ; 1                  ; 1                  ;
+----------------------------------------------------------------------------+--------------------+--------------------+


+------------------------------------------+
; Parallel Compilation                     ;
+----------------------------+-------------+
; Processors                 ; Number      ;
+----------------------------+-------------+
; Number detected on machine ; 4           ;
; Maximum allowed            ; 4           ;
;                            ;             ;
; Average used               ; 1.00        ;
; Maximum used               ; 2           ;
;                            ;             ;
; Usage by Processor         ; % Time Used ;
;     Processor 1            ; 100.0%      ;
;     Processor 2            ; < 0.1%      ;
;     Processors 3-4         ;   0.0%      ;
+----------------------------+-------------+


+----------------------------------------------------------------------------------------------------------------------------+
; Analysis & Synthesis Source Files Read                                                                                     ;
+----------------------------------+-----------------+------------------------+------------------------------------+---------+
; File Name with User-Entered Path ; Used in Netlist ; File Type              ; File Name with Absolute Path       ; Library ;
+----------------------------------+-----------------+------------------------+------------------------------------+---------+
; RISC_CPU.v                       ; yes             ; User Verilog HDL File  ; D:/study/RISC_CPU/RISC_CPU.v       ;         ;
; clk_gen.v                        ; yes             ; User Verilog HDL File  ; D:/study/RISC_CPU/clk_gen.v        ;         ;
; IR.v                             ; yes             ; User Verilog HDL File  ; D:/study/RISC_CPU/IR.v             ;         ;
; accumulator.v                    ; yes             ; User Verilog HDL File  ; D:/study/RISC_CPU/accumulator.v    ;         ;
; alu_cpu.v                        ; yes             ; User Verilog HDL File  ; D:/study/RISC_CPU/alu_cpu.v        ;         ;
; data_ctl.v                       ; yes             ; User Verilog HDL File  ; D:/study/RISC_CPU/data_ctl.v       ;         ;
; addr.v                           ; yes             ; User Verilog HDL File  ; D:/study/RISC_CPU/addr.v           ;         ;
; pc_counter.v                     ; yes             ; User Verilog HDL File  ; D:/study/RISC_CPU/pc_counter.v     ;         ;
; controller_ena.v                 ; yes             ; User Verilog HDL File  ; D:/study/RISC_CPU/controller_ena.v ;         ;
; controller.v                     ; yes             ; User Verilog HDL File  ; D:/study/RISC_CPU/controller.v     ;         ;
+----------------------------------+-----------------+------------------------+------------------------------------+---------+


+---------------------------------------------------------+
; Analysis & Synthesis Resource Usage Summary             ;
+---------------------------------------------+-----------+
; Resource                                    ; Usage     ;
+---------------------------------------------+-----------+
; Estimated Total logic elements              ; 114       ;
;                                             ;           ;
; Total combinational functions               ; 84        ;
; Logic element usage by number of LUT inputs ;           ;
;     -- 4 input functions                    ; 31        ;
;     -- 3 input functions                    ; 27        ;
;     -- <=2 input functions                  ; 26        ;
;                                             ;           ;
; Logic elements by mode                      ;           ;
;     -- normal mode                          ; 65        ;
;     -- arithmetic mode                      ; 19        ;
;                                             ;           ;
; Total registers                             ; 68        ;
;     -- Dedicated logic registers            ; 68        ;
;     -- I/O registers                        ; 0         ;
;                                             ;           ;
; I/O pins                                    ; 27        ;
; Embedded Multiplier 9-bit elements          ; 0         ;
; Maximum fan-out node                        ; clk~input ;
; Maximum fan-out                             ; 68        ;
; Total fan-out                               ; 600       ;
; Average fan-out                             ; 2.80      ;
+---------------------------------------------+-----------+


+-------------------------------------------------------------------------------------------------------------------------------------------------------------------------------------------------------------+
; Analysis & Synthesis Resource Utilization by Entity                                                                                                                                                         ;
+--------------------------------------+-------------------+--------------+-------------+--------------+---------+-----------+------+--------------+-------------------------------------------+--------------+
; Compilation Hierarchy Node           ; LC Combinationals ; LC Registers ; Memory Bits ; DSP Elements ; DSP 9x9 ; DSP 18x18 ; Pins ; Virtual Pins ; Full Hierarchy Name                       ; Library Name ;
+--------------------------------------+-------------------+--------------+-------------+--------------+---------+-----------+------+--------------+-------------------------------------------+--------------+
; |RISC_CPU                            ; 84 (0)            ; 68 (0)       ; 0           ; 0            ; 0       ; 0         ; 27   ; 0            ; |RISC_CPU                                 ; work         ;
;    |IR:IR_m|                         ; 3 (3)             ; 17 (17)      ; 0           ; 0            ; 0       ; 0         ; 0    ; 0            ; |RISC_CPU|IR:IR_m                         ; work         ;
;    |accumulator:accumulator_m|       ; 0 (0)             ; 8 (8)        ; 0           ; 0            ; 0       ; 0         ; 0    ; 0            ; |RISC_CPU|accumulator:accumulator_m       ; work         ;
;    |addr:addr_m|                     ; 13 (13)           ; 0 (0)        ; 0           ; 0            ; 0       ; 0         ; 0    ; 0            ; |RISC_CPU|addr:addr_m                     ; work         ;
;    |alu_cpu:alu_cpu_m|               ; 31 (31)           ; 8 (8)        ; 0           ; 0            ; 0       ; 0         ; 0    ; 0            ; |RISC_CPU|alu_cpu:alu_cpu_m               ; work         ;
;    |clk_gen:clk_gen_m|               ; 5 (5)             ; 5 (5)        ; 0           ; 0            ; 0       ; 0         ; 0    ; 0            ; |RISC_CPU|clk_gen:clk_gen_m               ; work         ;
;    |controller:controller_m|         ; 18 (18)           ; 16 (16)      ; 0           ; 0            ; 0       ; 0         ; 0    ; 0            ; |RISC_CPU|controller:controller_m         ; work         ;
;    |controller_ena:controller_ena_m| ; 1 (1)             ; 1 (1)        ; 0           ; 0            ; 0       ; 0         ; 0    ; 0            ; |RISC_CPU|controller_ena:controller_ena_m ; work         ;
;    |pc_counter:pc_counter_m|         ; 13 (13)           ; 13 (13)      ; 0           ; 0            ; 0       ; 0         ; 0    ; 0            ; |RISC_CPU|pc_counter:pc_counter_m         ; work         ;
+--------------------------------------+-------------------+--------------+-------------+--------------+---------+-----------+------+--------------+-------------------------------------------+--------------+
Note: For table entries with two numbers listed, the numbers in parentheses indicate the number of resources of the given type used by the specific entity alone. The numbers listed outside of parentheses indicate the total resources of the given type used by the specific entity and all of its sub-entities in the hierarchy.


Encoding Type:  One-Hot
+-----------------------------------------------------------------------------------------------------------+
; State Machine - |RISC_CPU|controller:controller_m|state                                                   ;
+-----------+-----------+-----------+-----------+-----------+-----------+-----------+-----------+-----------+
; Name      ; state.111 ; state.110 ; state.101 ; state.100 ; state.011 ; state.010 ; state.001 ; state.000 ;
+-----------+-----------+-----------+-----------+-----------+-----------+-----------+-----------+-----------+
; state.000 ; 0         ; 0         ; 0         ; 0         ; 0         ; 0         ; 0         ; 0         ;
; state.001 ; 0         ; 0         ; 0         ; 0         ; 0         ; 0         ; 1         ; 1         ;
; state.010 ; 0         ; 0         ; 0         ; 0         ; 0         ; 1         ; 0         ; 1         ;
; state.011 ; 0         ; 0         ; 0         ; 0         ; 1         ; 0         ; 0         ; 1         ;
; state.100 ; 0         ; 0         ; 0         ; 1         ; 0         ; 0         ; 0         ; 1         ;
; state.101 ; 0         ; 0         ; 1         ; 0         ; 0         ; 0         ; 0         ; 1         ;
; state.110 ; 0         ; 1         ; 0         ; 0         ; 0         ; 0         ; 0         ; 1         ;
; state.111 ; 1         ; 0         ; 0         ; 0         ; 0         ; 0         ; 0         ; 1         ;
+-----------+-----------+-----------+-----------+-----------+-----------+-----------+-----------+-----------+


+------------------------------------------------------------+
; Registers Removed During Synthesis                         ;
+---------------------------------------+--------------------+
; Register name                         ; Reason for Removal ;
+---------------------------------------+--------------------+
; controller:controller_m|state~4       ; Lost fanout        ;
; controller:controller_m|state~5       ; Lost fanout        ;
; controller:controller_m|state~6       ; Lost fanout        ;
; Total Number of Removed Registers = 3 ;                    ;
+---------------------------------------+--------------------+


+------------------------------------------------------+
; General Register Statistics                          ;
+----------------------------------------------+-------+
; Statistic                                    ; Value ;
+----------------------------------------------+-------+
; Total registers                              ; 68    ;
; Number of registers using Synchronous Clear  ; 0     ;
; Number of registers using Synchronous Load   ; 14    ;
; Number of registers using Asynchronous Clear ; 68    ;
; Number of registers using Asynchronous Load  ; 0     ;
; Number of registers using Clock Enable       ; 48    ;
; Number of registers using Preset             ; 0     ;
+----------------------------------------------+-------+


+---------------------------------------------------------------------------------------------------------------------------------------------------------+
; Multiplexer Restructuring Statistics (Restructuring Performed)                                                                                          ;
+--------------------+-----------+---------------+----------------------+------------------------+------------+-------------------------------------------+
; Multiplexer Inputs ; Bus Width ; Baseline Area ; Area if Restructured ; Saving if Restructured ; Registered ; Example Multiplexer Output                ;
+--------------------+-----------+---------------+----------------------+------------------------+------------+-------------------------------------------+
; 8:1                ; 7 bits    ; 35 LEs        ; 21 LEs               ; 14 LEs                 ; Yes        ; |RISC_CPU|alu_cpu:alu_cpu_m|alu_out[6]    ;
; 3:1                ; 2 bits    ; 4 LEs         ; 2 LEs                ; 2 LEs                  ; No         ; |RISC_CPU|controller:controller_m|load_pc ;
+--------------------+-----------+---------------+----------------------+------------------------+------------+-------------------------------------------+


+----------------------------------------------------------------+
; Parameter Settings for User Entity Instance: alu_cpu:alu_cpu_m ;
+----------------+-------+---------------------------------------+
; Parameter Name ; Value ; Type                                  ;
+----------------+-------+---------------------------------------+
; HLT            ; 000   ; Unsigned Binary                       ;
; SKZ            ; 001   ; Unsigned Binary                       ;
; ADD            ; 010   ; Unsigned Binary                       ;
; AND            ; 011   ; Unsigned Binary                       ;
; XOR            ; 100   ; Unsigned Binary                       ;
; LDA            ; 101   ; Unsigned Binary                       ;
; STO            ; 110   ; Unsigned Binary                       ;
; JMP            ; 111   ; Unsigned Binary                       ;
+----------------+-------+---------------------------------------+
Note: In order to hide this table in the UI and the text report file, please set the "Show Parameter Settings in Synthesis Report" option in "Analysis and Synthesis Settings -> More Settings" to "Off".


+----------------------------------------------------------------------+
; Parameter Settings for User Entity Instance: controller:controller_m ;
+----------------+-------+---------------------------------------------+
; Parameter Name ; Value ; Type                                        ;
+----------------+-------+---------------------------------------------+
; HLT            ; 000   ; Unsigned Binary                             ;
; SKZ            ; 001   ; Unsigned Binary                             ;
; ADD            ; 010   ; Unsigned Binary                             ;
; AND            ; 011   ; Unsigned Binary                             ;
; XOR            ; 100   ; Unsigned Binary                             ;
; LDA            ; 101   ; Unsigned Binary                             ;
; STO            ; 110   ; Unsigned Binary                             ;
; JMP            ; 111   ; Unsigned Binary                             ;
+----------------+-------+---------------------------------------------+
Note: In order to hide this table in the UI and the text report file, please set the "Show Parameter Settings in Synthesis Report" option in "Analysis and Synthesis Settings -> More Settings" to "Off".


+-------------------------------+
; Elapsed Time Per Partition    ;
+----------------+--------------+
; Partition Name ; Elapsed Time ;
+----------------+--------------+
; Top            ; 00:00:00     ;
+----------------+--------------+


+-------------------------------+
; Analysis & Synthesis Messages ;
+-------------------------------+
Info: *******************************************************************
Info: Running Quartus II 64-Bit Analysis & Synthesis
    Info: Version 13.1.0 Build 162 10/23/2013 SJ Full Version
    Info: Processing started: Thu Sep 26 21:17:48 2019
Info: Command: quartus_map --read_settings_files=on --write_settings_files=off RISC_CPU -c RISC_CPU
Info (20030): Parallel compilation is enabled and will use 4 of the 4 processors detected
Info (12021): Found 1 design units, including 1 entities, in source file risc_cpu.v
    Info (12023): Found entity 1: RISC_CPU
Info (12021): Found 1 design units, including 1 entities, in source file clk_gen.v
    Info (12023): Found entity 1: clk_gen
Info (12021): Found 1 design units, including 1 entities, in source file ir.v
    Info (12023): Found entity 1: IR
Info (12021): Found 1 design units, including 1 entities, in source file accumulator.v
    Info (12023): Found entity 1: accumulator
Info (12021): Found 1 design units, including 1 entities, in source file alu_cpu.v
    Info (12023): Found entity 1: alu_cpu
Info (12021): Found 1 design units, including 1 entities, in source file data_ctl.v
    Info (12023): Found entity 1: data_ctl
Info (12021): Found 1 design units, including 1 entities, in source file addr.v
    Info (12023): Found entity 1: addr
Info (12021): Found 1 design units, including 1 entities, in source file pc_counter.v
    Info (12023): Found entity 1: pc_counter
Info (12021): Found 1 design units, including 1 entities, in source file controller_ena.v
    Info (12023): Found entity 1: controller_ena
Info (12021): Found 1 design units, including 1 entities, in source file controller.v
    Info (12023): Found entity 1: controller
Info (12127): Elaborating entity "RISC_CPU" for the top level hierarchy
Info (12128): Elaborating entity "clk_gen" for hierarchy "clk_gen:clk_gen_m"
Warning (10230): Verilog HDL assignment warning at clk_gen.v(24): truncated value with size 32 to match size of target (3)
Info (12128): Elaborating entity "IR" for hierarchy "IR:IR_m"
Info (12128): Elaborating entity "accumulator" for hierarchy "accumulator:accumulator_m"
Info (12128): Elaborating entity "alu_cpu" for hierarchy "alu_cpu:alu_cpu_m"
Info (12128): Elaborating entity "data_ctl" for hierarchy "data_ctl:data_ctl_m"
Info (12128): Elaborating entity "pc_counter" for hierarchy "pc_counter:pc_counter_m"
Warning (10230): Verilog HDL assignment warning at pc_counter.v(25): truncated value with size 32 to match size of target (13)
Info (12128): Elaborating entity "addr" for hierarchy "addr:addr_m"
Info (12128): Elaborating entity "controller_ena" for hierarchy "controller_ena:controller_ena_m"
Info (12128): Elaborating entity "controller" for hierarchy "controller:controller_m"
Info (286030): Timing-Driven Synthesis is running
Info (17049): 3 registers lost all their fanouts during netlist optimizations.
Info (144001): Generated suppressed messages file D:/study/RISC_CPU/output_files/RISC_CPU.map.smsg
Info (16010): Generating hard_block partition "hard_block:auto_generated_inst"
    Info (16011): Adding 0 node(s), including 0 DDIO, 0 PLL, 0 transceiver and 0 LCELL
Info (21057): Implemented 142 device resources after synthesis - the final resource count might be different
    Info (21058): Implemented 2 input pins
    Info (21059): Implemented 17 output pins
    Info (21060): Implemented 8 bidirectional pins
    Info (21061): Implemented 115 logic cells
Info: Quartus II 64-Bit Analysis & Synthesis was successful. 0 errors, 2 warnings
    Info: Peak virtual memory: 4651 megabytes
    Info: Processing ended: Thu Sep 26 21:17:50 2019
    Info: Elapsed time: 00:00:02
    Info: Total CPU time (on all processors): 00:00:02


+------------------------------------------+
; Analysis & Synthesis Suppressed Messages ;
+------------------------------------------+
The suppressed messages can be found in D:/study/RISC_CPU/output_files/RISC_CPU.map.smsg.


